Feb 06, 2020 2:09:27 AM org.apache.catalina.core.ApplicationContext log
INFO: Manager: init: Associated with Deployer 'Catalina:type=Deployer,host=localhost'
Feb 06, 2020 2:09:27 AM org.apache.catalina.core.ApplicationContext log
INFO: Manager: init: Global resources are available
Feb 06, 2020 2:09:27 AM org.apache.catalina.core.ApplicationContext log
INFO: Manager: deploy: Deploying web application '/app'
Feb 06, 2020 2:09:27 AM org.apache.catalina.core.ApplicationContext log
INFO: Manager: Uploading WAR file to /home/kurisu/tomcat/apache-tomcat-7.0.99/webapps/app.war.tmp
Feb 06, 2020 2:10:30 AM org.apache.catalina.core.ApplicationContext log
INFO: Manager: deploy: Deploying web application '/app'
Feb 06, 2020 2:10:30 AM org.apache.catalina.core.ApplicationContext log
INFO: Manager: Uploading WAR file to /home/kurisu/tomcat/apache-tomcat-7.0.99/webapps/app.war.tmp
Feb 06, 2020 2:11:11 AM org.apache.catalina.core.ApplicationContext log
INFO: Manager: deploy: Deploying web application '/app'
Feb 06, 2020 2:11:11 AM org.apache.catalina.core.ApplicationContext log
INFO: Manager: Uploading WAR file to /home/kurisu/tomcat/apache-tomcat-7.0.99/webapps/app.war.tmp
Feb 06, 2020 2:11:33 AM org.apache.catalina.core.ApplicationContext log
INFO: Manager: deploy: Deploying web application '/app'
Feb 06, 2020 2:11:33 AM org.apache.catalina.core.ApplicationContext log
INFO: Manager: Uploading WAR file to /home/kurisu/tomcat/apache-tomcat-7.0.99/webapps/app.war.tmp
Feb 06, 2020 2:11:44 AM org.apache.catalina.core.ApplicationContext log
INFO: Manager: deploy: Deploying web application '/app'
Feb 06, 2020 2:11:44 AM org.apache.catalina.core.ApplicationContext log
INFO: Manager: Uploading WAR file to /home/kurisu/tomcat/apache-tomcat-7.0.99/webapps/app.war.tmp
Feb 06, 2020 2:12:41 AM org.apache.catalina.core.ApplicationContext log
INFO: Manager: deploy: Deploying web application '/app'
Feb 06, 2020 2:12:41 AM org.apache.catalina.core.ApplicationContext log
INFO: Manager: Uploading WAR file to /home/kurisu/tomcat/apache-tomcat-7.0.99/webapps/app.war.tmp
Feb 06, 2020 2:15:14 AM org.apache.catalina.core.ApplicationContext log
INFO: Manager: init: Associated with Deployer 'Catalina:type=Deployer,host=localhost'
Feb 06, 2020 2:15:14 AM org.apache.catalina.core.ApplicationContext log
INFO: Manager: init: Global resources are available
Feb 06, 2020 2:15:14 AM org.apache.catalina.core.ApplicationContext log
INFO: Manager: deploy: Deploying web application '/app'
Feb 06, 2020 2:15:14 AM org.apache.catalina.core.ApplicationContext log
INFO: Manager: Uploading WAR file to /home/kurisu/tomcat/apache-tomcat-7.0.99/webapps/app.war.tmp
Feb 06, 2020 2:20:44 AM org.apache.catalina.core.ApplicationContext log
INFO: Manager: deploy: Deploying web application '/app'
Feb 06, 2020 2:20:44 AM org.apache.catalina.core.ApplicationContext log
INFO: Manager: Uploading WAR file to /home/kurisu/tomcat/apache-tomcat-7.0.99/webapps/app.war.tmp
Feb 06, 2020 2:21:11 AM org.apache.catalina.core.ApplicationContext log
INFO: Manager: init: Associated with Deployer 'Catalina:type=Deployer,host=localhost'
Feb 06, 2020 2:21:11 AM org.apache.catalina.core.ApplicationContext log
INFO: Manager: init: Global resources are available
Feb 06, 2020 2:21:11 AM org.apache.catalina.core.ApplicationContext log
INFO: Manager: deploy: Deploying web application '/app'
Feb 06, 2020 2:21:11 AM org.apache.catalina.core.ApplicationContext log
INFO: Manager: Uploading WAR file to /home/kurisu/tomcat/apache-tomcat-7.0.99/webapps/app.war.tmp
Feb 06, 2020 2:23:40 AM org.apache.catalina.core.ApplicationContext log
INFO: Manager: init: Associated with Deployer 'Catalina:type=Deployer,host=localhost'
Feb 06, 2020 2:23:40 AM org.apache.catalina.core.ApplicationContext log
INFO: Manager: init: Global resources are available
Feb 06, 2020 2:23:40 AM org.apache.catalina.core.ApplicationContext log
INFO: Manager: deploy: Deploying web application '/app'
Feb 06, 2020 2:23:40 AM org.apache.catalina.core.ApplicationContext log
INFO: Manager: Uploading WAR file to /home/kurisu/tomcat/apache-tomcat-7.0.99/webapps/app.war.tmp
Feb 06, 2020 2:25:35 AM org.apache.catalina.core.ApplicationContext log
INFO: Manager: deploy: Deploying web application '/app'
Feb 06, 2020 2:25:35 AM org.apache.catalina.core.ApplicationContext log
INFO: Manager: Uploading WAR file to /home/kurisu/tomcat/apache-tomcat-7.0.99/webapps/app.war.tmp
Feb 06, 2020 2:26:52 AM org.apache.catalina.core.ApplicationContext log
INFO: Manager: deploy: Deploying web application '/app'
Feb 06, 2020 2:26:52 AM org.apache.catalina.core.ApplicationContext log
INFO: Manager: Uploading WAR file to /home/kurisu/tomcat/apache-tomcat-7.0.99/webapps/app.war.tmp
Feb 06, 2020 2:29:41 AM org.apache.catalina.core.ApplicationContext log
INFO: Manager: deploy: Deploying web application '/app'
Feb 06, 2020 2:29:41 AM org.apache.catalina.core.ApplicationContext log
INFO: Manager: Uploading WAR file to /home/kurisu/tomcat/apache-tomcat-7.0.99/webapps/app.war.tmp
Feb 06, 2020 2:29:51 AM org.apache.catalina.core.ApplicationContext log
INFO: Manager: deploy: Deploying web application '/app'
Feb 06, 2020 2:29:51 AM org.apache.catalina.core.ApplicationContext log
INFO: Manager: Uploading WAR file to /home/kurisu/tomcat/apache-tomcat-7.0.99/webapps/app.war.tmp
Feb 06, 2020 2:30:02 AM org.apache.catalina.core.ApplicationContext log
INFO: Manager: deploy: Deploying web application '/app'
Feb 06, 2020 2:30:02 AM org.apache.catalina.core.ApplicationContext log
INFO: Manager: Uploading WAR file to /home/kurisu/tomcat/apache-tomcat-7.0.99/webapps/app.war.tmp
Feb 06, 2020 2:30:41 AM org.apache.catalina.core.ApplicationContext log
INFO: Manager: deploy: Deploying web application '/app'
Feb 06, 2020 2:30:41 AM org.apache.catalina.core.ApplicationContext log
INFO: Manager: Uploading WAR file to /home/kurisu/tomcat/apache-tomcat-7.0.99/webapps/app.war.tmp
Feb 06, 2020 2:31:32 AM org.apache.catalina.core.ApplicationContext log
INFO: Manager: deploy: Deploying web application '/app'
Feb 06, 2020 2:31:32 AM org.apache.catalina.core.ApplicationContext log
INFO: Manager: Uploading WAR file to /home/kurisu/tomcat/apache-tomcat-7.0.99/webapps/app.war.tmp
Feb 06, 2020 2:40:39 AM org.apache.catalina.core.ApplicationContext log
INFO: Manager: deploy: Deploying web application '/app'
Feb 06, 2020 2:40:39 AM org.apache.catalina.core.ApplicationContext log
INFO: Manager: Uploading WAR file to /home/kurisu/tomcat/apache-tomcat-7.0.99/webapps/app.war.tmp
Feb 06, 2020 2:40:55 AM org.apache.catalina.core.ApplicationContext log
INFO: Manager: deploy: Deploying web application '/app'
Feb 06, 2020 2:40:55 AM org.apache.catalina.core.ApplicationContext log
INFO: Manager: Uploading WAR file to /home/kurisu/tomcat/apache-tomcat-7.0.99/webapps/app.war.tmp
